<?xml version="1.0" encoding="UTF-8"?>
<testng-results ignored="0" total="1" passed="1" failed="0" skipped="0">
  <reporter-output>
  </reporter-output>
  <suite started-at="2023-10-23T13:09:59 EET" name="Default suite" finished-at="2023-10-23T13:10:02 EET" duration-ms="2158">
    <groups>
    </groups>
    <test started-at="2023-10-23T13:09:59 EET" name="Default test" finished-at="2023-10-23T13:10:02 EET" duration-ms="2158">
      <class name="project3.MyTest">
        <test-method is-config="true" signature="myBeforTest()[pri:0, instance:project3.MyTest@10027fc9]" started-at="2023-10-23T13:09:59 EET" name="myBeforTest" finished-at="2023-10-23T13:10:01 EET" duration-ms="1744" status="PASS">
          <reporter-output>
          </reporter-output>
        </test-method> <!-- myBeforTest -->
        <test-method signature="myTestOne()[pri:0, instance:project3.MyTest@10027fc9]" started-at="2023-10-23T13:10:01 EET" name="myTestOne" finished-at="2023-10-23T13:10:01 EET" duration-ms="292" status="PASS">
          <reporter-output>
          </reporter-output>
        </test-method> <!-- myTestOne -->
        <test-method is-config="true" signature="myAfterTest()[pri:0, instance:project3.MyTest@10027fc9]" started-at="2023-10-23T13:10:02 EET" name="myAfterTest" finished-at="2023-10-23T13:10:02 EET" duration-ms="5" status="PASS">
          <reporter-output>
          </reporter-output>
        </test-method> <!-- myAfterTest -->
      </class> <!-- project3.MyTest -->
    </test> <!-- Default test -->
  </suite> <!-- Default suite -->
</testng-results>
